Determining if the pthread_create exist failed with the following output:
Change Dir: /mnt/i/ethNipper/buildX64Ubuntu/CMakeFiles/CMakeTmp

Run Build Command:"/usr/bin/make" "cmTC_4e49a/fast"
/usr/bin/make -f CMakeFiles/cmTC_4e49a.dir/build.make CMakeFiles/cmTC_4e49a.dir/build
make[1]: Verzeichnis „/mnt/i/ethNipper/buildX64Ubuntu/CMakeFiles/CMakeTmp“ wird betreten
Building C object CMakeFiles/cmTC_4e49a.dir/CheckSymbolExists.c.o
/usr/bin/cc     -o CMakeFiles/cmTC_4e49a.dir/CheckSymbolExists.c.o   -c /mnt/i/ethNipper/buildX64Ubuntu/CMakeFiles/CMakeTmp/CheckSymbolExists.c
Linking C executable cmTC_4e49a
/usr/bin/cmake -E cmake_link_script CMakeFiles/cmTC_4e49a.dir/link.txt --verbose=1
/usr/bin/cc       CMakeFiles/cmTC_4e49a.dir/CheckSymbolExists.c.o  -o cmTC_4e49a -rdynamic 
CMakeFiles/cmTC_4e49a.dir/CheckSymbolExists.c.o: In Funktion `main':
CheckSymbolExists.c:(.text+0x16): Nicht definierter Verweis auf `pthread_create'
collect2: error: ld returned 1 exit status
CMakeFiles/cmTC_4e49a.dir/build.make:97: die Regel für Ziel „cmTC_4e49a“ scheiterte
make[1]: *** [cmTC_4e49a] Fehler 1
make[1]: Verzeichnis „/mnt/i/ethNipper/buildX64Ubuntu/CMakeFiles/CMakeTmp“ wird verlassen
Makefile:126: die Regel für Ziel „cmTC_4e49a/fast“ scheiterte
make: *** [cmTC_4e49a/fast] Fehler 2

File /mnt/i/ethNipper/buildX64Ubuntu/CMakeFiles/CMakeTmp/CheckSymbolExists.c:
/* */
#include <pthread.h>

int main(int argc, char** argv)
{
  (void)argv;
#ifndef pthread_create
  return ((int*)(&pthread_create))[argc];
#else
  (void)argc;
  return 0;
#endif
}

Determining if the function pthread_create exists in the pthreads failed with the following output:
Change Dir: /mnt/i/ethNipper/buildX64Ubuntu/CMakeFiles/CMakeTmp

Run Build Command:"/usr/bin/make" "cmTC_f8d78/fast"
/usr/bin/make -f CMakeFiles/cmTC_f8d78.dir/build.make CMakeFiles/cmTC_f8d78.dir/build
make[1]: Verzeichnis „/mnt/i/ethNipper/buildX64Ubuntu/CMakeFiles/CMakeTmp“ wird betreten
Building C object CMakeFiles/cmTC_f8d78.dir/CheckFunctionExists.c.o
/usr/bin/cc    -DCHECK_FUNCTION_EXISTS=pthread_create   -o CMakeFiles/cmTC_f8d78.dir/CheckFunctionExists.c.o   -c /usr/share/cmake-3.5/Modules/CheckFunctionExists.c
Linking C executable cmTC_f8d78
/usr/bin/cmake -E cmake_link_script CMakeFiles/cmTC_f8d78.dir/link.txt --verbose=1
/usr/bin/cc   -DCHECK_FUNCTION_EXISTS=pthread_create    CMakeFiles/cmTC_f8d78.dir/CheckFunctionExists.c.o  -o cmTC_f8d78 -rdynamic -lpthreads 
/usr/bin/ld: cannot find -lpthreads
collect2: error: ld returned 1 exit status
CMakeFiles/cmTC_f8d78.dir/build.make:97: die Regel für Ziel „cmTC_f8d78“ scheiterte
make[1]: *** [cmTC_f8d78] Fehler 1
make[1]: Verzeichnis „/mnt/i/ethNipper/buildX64Ubuntu/CMakeFiles/CMakeTmp“ wird verlassen
Makefile:126: die Regel für Ziel „cmTC_f8d78/fast“ scheiterte
make: *** [cmTC_f8d78/fast] Fehler 2


