Compiling the CXX compiler identification source file "CMakeCXXCompilerId.cpp" failed.
Compiler: CMAKE_CXX_COMPILER-NOTFOUND 
Build flags: 
Id flags: 

The output was:
No such file or directory


Compiling the CXX compiler identification source file "CMakeCXXCompilerId.cpp" failed.
Compiler: CMAKE_CXX_COMPILER-NOTFOUND 
Build flags: 
Id flags: -c

The output was:
No such file or directory


Determining if the pthread_create exist failed with the following output:
Change Dir: /mnt/c/Users/denni/Desktop/ethminer-master/build_ubuntu/CMakeFiles/CMakeTmp

Run Build Command:"/usr/bin/make" "cmTC_a19a0/fast"
/usr/bin/make -f CMakeFiles/cmTC_a19a0.dir/build.make CMakeFiles/cmTC_a19a0.dir/build
make[1]: Verzeichnis „/mnt/c/Users/denni/Desktop/ethminer-master/build_ubuntu/CMakeFiles/CMakeTmp“ wird betreten
Building C object CMakeFiles/cmTC_a19a0.dir/CheckSymbolExists.c.o
/usr/bin/cc     -o CMakeFiles/cmTC_a19a0.dir/CheckSymbolExists.c.o   -c /mnt/c/Users/denni/Desktop/ethminer-master/build_ubuntu/CMakeFiles/CMakeTmp/CheckSymbolExists.c
Linking C executable cmTC_a19a0
/usr/bin/cmake -E cmake_link_script CMakeFiles/cmTC_a19a0.dir/link.txt --verbose=1
/usr/bin/cc       CMakeFiles/cmTC_a19a0.dir/CheckSymbolExists.c.o  -o cmTC_a19a0 -rdynamic 
CMakeFiles/cmTC_a19a0.dir/CheckSymbolExists.c.o: In Funktion `main':
CheckSymbolExists.c:(.text+0x16): Nicht definierter Verweis auf `pthread_create'
collect2: error: ld returned 1 exit status
CMakeFiles/cmTC_a19a0.dir/build.make:97: die Regel für Ziel „cmTC_a19a0“ scheiterte
make[1]: *** [cmTC_a19a0] Fehler 1
make[1]: Verzeichnis „/mnt/c/Users/denni/Desktop/ethminer-master/build_ubuntu/CMakeFiles/CMakeTmp“ wird verlassen
Makefile:126: die Regel für Ziel „cmTC_a19a0/fast“ scheiterte
make: *** [cmTC_a19a0/fast] Fehler 2

File /mnt/c/Users/denni/Desktop/ethminer-master/build_ubuntu/CMakeFiles/CMakeTmp/CheckSymbolExists.c:
/* */
#include <pthread.h>

int main(int argc, char** argv)
{
  (void)argv;
#ifndef pthread_create
  return ((int*)(&pthread_create))[argc];
#else
  (void)argc;
  return 0;
#endif
}

Determining if the function pthread_create exists in the pthreads failed with the following output:
Change Dir: /mnt/c/Users/denni/Desktop/ethminer-master/build_ubuntu/CMakeFiles/CMakeTmp

Run Build Command:"/usr/bin/make" "cmTC_442c0/fast"
/usr/bin/make -f CMakeFiles/cmTC_442c0.dir/build.make CMakeFiles/cmTC_442c0.dir/build
make[1]: Verzeichnis „/mnt/c/Users/denni/Desktop/ethminer-master/build_ubuntu/CMakeFiles/CMakeTmp“ wird betreten
Building C object CMakeFiles/cmTC_442c0.dir/CheckFunctionExists.c.o
/usr/bin/cc    -DCHECK_FUNCTION_EXISTS=pthread_create   -o CMakeFiles/cmTC_442c0.dir/CheckFunctionExists.c.o   -c /usr/share/cmake-3.5/Modules/CheckFunctionExists.c
Linking C executable cmTC_442c0
/usr/bin/cmake -E cmake_link_script CMakeFiles/cmTC_442c0.dir/link.txt --verbose=1
/usr/bin/cc   -DCHECK_FUNCTION_EXISTS=pthread_create    CMakeFiles/cmTC_442c0.dir/CheckFunctionExists.c.o  -o cmTC_442c0 -rdynamic -lpthreads 
/usr/bin/ld: cannot find -lpthreads
collect2: error: ld returned 1 exit status
CMakeFiles/cmTC_442c0.dir/build.make:97: die Regel für Ziel „cmTC_442c0“ scheiterte
make[1]: *** [cmTC_442c0] Fehler 1
make[1]: Verzeichnis „/mnt/c/Users/denni/Desktop/ethminer-master/build_ubuntu/CMakeFiles/CMakeTmp“ wird verlassen
Makefile:126: die Regel für Ziel „cmTC_442c0/fast“ scheiterte
make: *** [cmTC_442c0/fast] Fehler 2


