  Checking Build System
  CMake is re-running because I:/ethNipper/buildX64VS2017/CMakeFiles/generate.stamp is out-of-date.
    the file 'I:/ethNipper/CMakeLists.txt'
    is newer than 'I:/ethNipper/buildX64VS2017/CMakeFiles/generate.stamp.depend'
    result='-1'
  -- [hunter] Calculating Toolchain-SHA1
  -- [hunter] Calculating Config-SHA1
  -- [hunter] HUNTER_ROOT: C:/.hunter
  -- [hunter] [ Hunter-ID: 59b2b88 | Toolchain-ID: c002671 | Config-ID: aa3cb20 ]
  -- [hunter] BOOST_ROOT: C:/.hunter/_Base/59b2b88/c002671/aa3cb20/Install (ver.: 1.64.0)
  -- [hunter] BOOST_ROOT: C:/.hunter/_Base/59b2b88/c002671/aa3cb20/Install (ver.: 1.64.0)
  -- Boost version: 1.64.0
  -- Found the following Boost libraries:
  --   system
  -- [hunter] JSONCPP_ROOT: C:/.hunter/_Base/59b2b88/c002671/aa3cb20/Install (ver.: 1.8.0)
  -- [hunter] LIBJSON-RPC-CPP_ROOT: C:/.hunter/_Base/59b2b88/c002671/aa3cb20/Install (ver.: 0.7.0-p3)
  ------------------------------------------------------------------------
  -- CMake 3.10.1
  -- Build Release / Windows
  ------------------------------------------------------------- components
  -- ETHASHCL         Build OpenCL GPU components              ON
  -- ETHASHOCL        Build OpenCL FPGA components             ON
  -- ETHASHCUDA       Build CUDA components                    OFF
  -- ETHSTRATUM       Build Stratum components                 ON
  -- ETHDBUS          Build D-Bus components                   OFF
  -- APICORE          Build API Server components              ON
  ------------------------------------------------------------------------
  
  -- [hunter] OPENCL_ROOT: C:/.hunter/_Base/59b2b88/c002671/aa3cb20/Install (ver.: 2.1-p3)
  -- [hunter] OPENCL_ROOT: C:/.hunter/_Base/59b2b88/c002671/aa3cb20/Install (ver.: 2.1-p3)
  -- Configuring done
  -- Generating done
  -- Build files have been written to: I:/ethNipper/buildX64VS2017
