  Building Custom Rule I:/ethNipper/ethminer/CMakeLists.txt
  CMake does not need to re-run because I:/ethNipper/buildX64VS2017/ethminer/CMakeFiles/generate.stamp is up-to-date.
  main.cpp
LINK : warning LNK4075: /INCREMENTAL wird aufgrund der Angabe von /LTCG ignoriert.
jsonrpccpp-client.lib(client.obj) : error LNK2038: Konflikt ermittelt für "_ITERATOR_DEBUG_LEVEL": Der Wert "0" stimmt nicht mit dem Wert "2" in main.obj überein.
jsonrpccpp-client.lib(client.obj) : error LNK2038: Konflikt ermittelt für "RuntimeLibrary": Der Wert "MD_DynamicRelease" stimmt nicht mit dem Wert "MDd_DynamicDebug" in main.obj überein.
jsonrpccpp-client.lib(httpclient.obj) : error LNK2038: Konflikt ermittelt für "_ITERATOR_DEBUG_LEVEL": Der Wert "0" stimmt nicht mit dem Wert "2" in main.obj überein.
jsonrpccpp-client.lib(httpclient.obj) : error LNK2038: Konflikt ermittelt für "RuntimeLibrary": Der Wert "MD_DynamicRelease" stimmt nicht mit dem Wert "MDd_DynamicDebug" in main.obj überein.
jsonrpccpp-client.lib(batchcall.obj) : error LNK2038: Konflikt ermittelt für "_ITERATOR_DEBUG_LEVEL": Der Wert "0" stimmt nicht mit dem Wert "2" in main.obj überein.
jsonrpccpp-client.lib(batchcall.obj) : error LNK2038: Konflikt ermittelt für "RuntimeLibrary": Der Wert "MD_DynamicRelease" stimmt nicht mit dem Wert "MDd_DynamicDebug" in main.obj überein.
jsonrpccpp-client.lib(batchresponse.obj) : error LNK2038: Konflikt ermittelt für "_ITERATOR_DEBUG_LEVEL": Der Wert "0" stimmt nicht mit dem Wert "2" in main.obj überein.
jsonrpccpp-client.lib(batchresponse.obj) : error LNK2038: Konflikt ermittelt für "RuntimeLibrary": Der Wert "MD_DynamicRelease" stimmt nicht mit dem Wert "MDd_DynamicDebug" in main.obj überein.
jsonrpccpp-client.lib(rpcprotocolclient.obj) : error LNK2038: Konflikt ermittelt für "_ITERATOR_DEBUG_LEVEL": Der Wert "0" stimmt nicht mit dem Wert "2" in main.obj überein.
jsonrpccpp-client.lib(rpcprotocolclient.obj) : error LNK2038: Konflikt ermittelt für "RuntimeLibrary": Der Wert "MD_DynamicRelease" stimmt nicht mit dem Wert "MDd_DynamicDebug" in main.obj überein.
jsonrpccpp-server.lib(tcpsocketserver.obj) : error LNK2038: Konflikt ermittelt für "_ITERATOR_DEBUG_LEVEL": Der Wert "0" stimmt nicht mit dem Wert "2" in main.obj überein.
jsonrpccpp-server.lib(tcpsocketserver.obj) : error LNK2038: Konflikt ermittelt für "RuntimeLibrary": Der Wert "MD_DynamicRelease" stimmt nicht mit dem Wert "MDd_DynamicDebug" in main.obj überein.
jsonrpccpp-server.lib(abstractserverconnector.obj) : error LNK2038: Konflikt ermittelt für "_ITERATOR_DEBUG_LEVEL": Der Wert "0" stimmt nicht mit dem Wert "2" in main.obj überein.
jsonrpccpp-server.lib(abstractserverconnector.obj) : error LNK2038: Konflikt ermittelt für "RuntimeLibrary": Der Wert "MD_DynamicRelease" stimmt nicht mit dem Wert "MDd_DynamicDebug" in main.obj überein.
jsonrpccpp-server.lib(requesthandlerfactory.obj) : error LNK2038: Konflikt ermittelt für "_ITERATOR_DEBUG_LEVEL": Der Wert "0" stimmt nicht mit dem Wert "2" in main.obj überein.
jsonrpccpp-server.lib(requesthandlerfactory.obj) : error LNK2038: Konflikt ermittelt für "RuntimeLibrary": Der Wert "MD_DynamicRelease" stimmt nicht mit dem Wert "MDd_DynamicDebug" in main.obj überein.
jsonrpccpp-server.lib(windowstcpsocketserver.obj) : error LNK2038: Konflikt ermittelt für "_ITERATOR_DEBUG_LEVEL": Der Wert "0" stimmt nicht mit dem Wert "2" in main.obj überein.
jsonrpccpp-server.lib(windowstcpsocketserver.obj) : error LNK2038: Konflikt ermittelt für "RuntimeLibrary": Der Wert "MD_DynamicRelease" stimmt nicht mit dem Wert "MDd_DynamicDebug" in main.obj überein.
jsonrpccpp-server.lib(rpcprotocolserverv1.obj) : error LNK2038: Konflikt ermittelt für "_ITERATOR_DEBUG_LEVEL": Der Wert "0" stimmt nicht mit dem Wert "2" in main.obj überein.
jsonrpccpp-server.lib(rpcprotocolserverv1.obj) : error LNK2038: Konflikt ermittelt für "RuntimeLibrary": Der Wert "MD_DynamicRelease" stimmt nicht mit dem Wert "MDd_DynamicDebug" in main.obj überein.
jsonrpccpp-server.lib(rpcprotocolserverv2.obj) : error LNK2038: Konflikt ermittelt für "_ITERATOR_DEBUG_LEVEL": Der Wert "0" stimmt nicht mit dem Wert "2" in main.obj überein.
jsonrpccpp-server.lib(rpcprotocolserverv2.obj) : error LNK2038: Konflikt ermittelt für "RuntimeLibrary": Der Wert "MD_DynamicRelease" stimmt nicht mit dem Wert "MDd_DynamicDebug" in main.obj überein.
jsonrpccpp-server.lib(rpcprotocolserver12.obj) : error LNK2038: Konflikt ermittelt für "_ITERATOR_DEBUG_LEVEL": Der Wert "0" stimmt nicht mit dem Wert "2" in main.obj überein.
jsonrpccpp-server.lib(rpcprotocolserver12.obj) : error LNK2038: Konflikt ermittelt für "RuntimeLibrary": Der Wert "MD_DynamicRelease" stimmt nicht mit dem Wert "MDd_DynamicDebug" in main.obj überein.
jsonrpccpp-server.lib(abstractprotocolhandler.obj) : error LNK2038: Konflikt ermittelt für "_ITERATOR_DEBUG_LEVEL": Der Wert "0" stimmt nicht mit dem Wert "2" in main.obj überein.
jsonrpccpp-server.lib(abstractprotocolhandler.obj) : error LNK2038: Konflikt ermittelt für "RuntimeLibrary": Der Wert "MD_DynamicRelease" stimmt nicht mit dem Wert "MDd_DynamicDebug" in main.obj überein.
jsonrpccpp-common.lib(errors.obj) : error LNK2038: Konflikt ermittelt für "_ITERATOR_DEBUG_LEVEL": Der Wert "0" stimmt nicht mit dem Wert "2" in main.obj überein.
jsonrpccpp-common.lib(errors.obj) : error LNK2038: Konflikt ermittelt für "RuntimeLibrary": Der Wert "MD_DynamicRelease" stimmt nicht mit dem Wert "MDd_DynamicDebug" in main.obj überein.
jsonrpccpp-common.lib(exception.obj) : error LNK2038: Konflikt ermittelt für "_ITERATOR_DEBUG_LEVEL": Der Wert "0" stimmt nicht mit dem Wert "2" in main.obj überein.
jsonrpccpp-common.lib(exception.obj) : error LNK2038: Konflikt ermittelt für "RuntimeLibrary": Der Wert "MD_DynamicRelease" stimmt nicht mit dem Wert "MDd_DynamicDebug" in main.obj überein.
jsonrpccpp-common.lib(procedure.obj) : error LNK2038: Konflikt ermittelt für "_ITERATOR_DEBUG_LEVEL": Der Wert "0" stimmt nicht mit dem Wert "2" in main.obj überein.
jsonrpccpp-common.lib(procedure.obj) : error LNK2038: Konflikt ermittelt für "RuntimeLibrary": Der Wert "MD_DynamicRelease" stimmt nicht mit dem Wert "MDd_DynamicDebug" in main.obj überein.
jsoncpp.lib(json_value.obj) : error LNK2038: Konflikt ermittelt für "_ITERATOR_DEBUG_LEVEL": Der Wert "0" stimmt nicht mit dem Wert "2" in main.obj überein.
jsoncpp.lib(json_value.obj) : error LNK2038: Konflikt ermittelt für "RuntimeLibrary": Der Wert "MD_DynamicRelease" stimmt nicht mit dem Wert "MDd_DynamicDebug" in main.obj überein.
jsoncpp.lib(json_reader.obj) : error LNK2038: Konflikt ermittelt für "_ITERATOR_DEBUG_LEVEL": Der Wert "0" stimmt nicht mit dem Wert "2" in main.obj überein.
jsoncpp.lib(json_reader.obj) : error LNK2038: Konflikt ermittelt für "RuntimeLibrary": Der Wert "MD_DynamicRelease" stimmt nicht mit dem Wert "MDd_DynamicDebug" in main.obj überein.
jsoncpp.lib(json_writer.obj) : error LNK2038: Konflikt ermittelt für "_ITERATOR_DEBUG_LEVEL": Der Wert "0" stimmt nicht mit dem Wert "2" in main.obj überein.
jsoncpp.lib(json_writer.obj) : error LNK2038: Konflikt ermittelt für "RuntimeLibrary": Der Wert "MD_DynamicRelease" stimmt nicht mit dem Wert "MDd_DynamicDebug" in main.obj überein.
LINK : warning LNK4098: Standardbibliothek "MSVCRT" steht in Konflikt mit anderen Bibliotheken; /NODEFAULTLIB:Bibliothek verwenden.
I:\ethNipper\buildX64VS2017\ethminer\Debug\ethminer.exe : fatal error LNK1319: 38 Konflikte ermittelt
